Build started 01.11.2014 23:02:35.
     1>Project "C:\Users\Lenovo-Lenovo\Desktop\cyonlubagli\cyonlubagli\cyonlubagli.vcxproj" on node 2 (build target(s)).
     1>PrepareForBuild:
         Creating directory "C:\Users\Lenovo-Lenovo\Desktop\cyonlubagli\Release\".
       InitializeBuildStatus:
         Creating "Release\cyonlubagli.unsuccessfulbuild" because "AlwaysCreate" was specified.
       ClCompile:
         C:\Program Files (x86)\Microsoft Visual Studio 10.0\VC\bin\CL.exe /c /Zi /nologo /W3 /WX- /O2 /Oi /Oy- /GL /D "WIN32" /D NDEBUG /D _CONSOLE /D "_UNICODE" /D "UNICODE" /Gm- /EHsc /MD /GS /Gy /fp:precise /Zc:wchar_t /Zc:forScope /Yc"StdAfx.h" /Fp"Release\cyonlubagli.pch" /Fo"Release\\" /Fd"Release\vc100.pdb" /Gd /TP /analyze- /errorReport:prompt stdafx.cpp
         stdafx.cpp
         C:\Program Files (x86)\Microsoft Visual Studio 10.0\VC\bin\CL.exe /c /Zi /nologo /W3 /WX- /O2 /Oi /Oy- /GL /D "WIN32" /D NDEBUG /D _CONSOLE /D "_UNICODE" /D "UNICODE" /Gm- /EHsc /MD /GS /Gy /fp:precise /Zc:wchar_t /Zc:forScope /Yu"StdAfx.h" /Fp"Release\cyonlubagli.pch" /Fo"Release\\" /Fd"Release\vc100.pdb" /Gd /TP /analyze- /errorReport:prompt cyonlubagli.cpp
         cyonlubagli.cpp
       Link:
         C:\Program Files (x86)\Microsoft Visual Studio 10.0\VC\bin\link.exe /ERRORREPORT:PROMPT /OUT:"C:\Users\Lenovo-Lenovo\Desktop\cyonlubagli\Release\cyonlubagli.exe" /INCREMENTAL:NO /NOLOGO kernel32.lib user32.lib gdi32.lib winspool.lib comdlg32.lib advapi32.lib shell32.lib ole32.lib oleaut32.lib uuid.lib odbc32.lib odbccp32.lib /MANIFEST /ManifestFile:"Release\cyonlubagli.exe.intermediate.manifest" /MANIFESTUAC:"level='asInvoker' uiAccess='false'" /DEBUG /PDB:"C:\Users\Lenovo-Lenovo\Desktop\cyonlubagli\Release\cyonlubagli.pdb" /SUBSYSTEM:CONSOLE /OPT:REF /OPT:ICF /LTCG /TLBID:1 /DYNAMICBASE /NXCOMPAT /IMPLIB:"C:\Users\Lenovo-Lenovo\Desktop\cyonlubagli\Release\cyonlubagli.lib" /MACHINE:X86 Release\cyonlubagli.obj
         Release\stdafx.obj
         Generating code
         Finished generating code
         cyonlubagli.vcxproj -> C:\Users\Lenovo-Lenovo\Desktop\cyonlubagli\Release\cyonlubagli.exe
       Manifest:
         C:\Program Files (x86)\Microsoft SDKs\Windows\v7.0A\bin\mt.exe /nologo /verbose /outputresource:"C:\Users\Lenovo-Lenovo\Desktop\cyonlubagli\Release\cyonlubagli.exe;#1" /manifest Release\cyonlubagli.exe.intermediate.manifest
       FinalizeBuildStatus:
         Deleting file "Release\cyonlubagli.unsuccessfulbuild".
         Touching "Release\cyonlubagli.lastbuildstate".
     1>Done Building Project "C:\Users\Lenovo-Lenovo\Desktop\cyonlubagli\cyonlubagli\cyonlubagli.vcxproj" (build target(s)).

Build succeeded.

Time Elapsed 00:00:02.40
